PDOException: SQLSTATE[HY000]: General error: 1364 Field 'id' doesn't have a default value in C:\laragon\www\lab1php2\vendor\doctrine\dbal\src\Driver\PDO\Statement.php:55
Stack trace:
#0 C:\laragon\www\lab1php2\vendor\doctrine\dbal\src\Driver\PDO\Statement.php(55): PDOStatement->execute()
#1 C:\laragon\www\lab1php2\vendor\doctrine\dbal\src\Connection.php(882): Doctrine\DBAL\Driver\PDO\Statement->execute()
#2 C:\laragon\www\lab1php2\vendor\doctrine\dbal\src\Connection.php(518): Doctrine\DBAL\Connection->executeStatement('INSERT INTO cat...', Array, Array)
#3 C:\laragon\www\lab1php2\app\Model.php(79): Doctrine\DBAL\Connection->insert('categories', Array)
#4 C:\laragon\www\lab1php2\app\Controllers\Admin\CategoryController.php(86): App\Model->insert(Array)
#5 [internal function]: App\Controllers\Admin\CategoryController->store()
#6 C:\laragon\www\lab1php2\vendor\bramus\router\src\Bramus\Router\Router.php(482): call_user_func_array(Array, Array)
#7 C:\laragon\www\lab1php2\vendor\bramus\router\src\Bramus\Router\Router.php(440): Bramus\Router\Router->invoke('App\\Controllers...', Array)
#8 C:\laragon\www\lab1php2\vendor\bramus\router\src\Bramus\Router\Router.php(287): Bramus\Router\Router->handle(Array, true)
#9 C:\laragon\www\lab1php2\routers\index.php(11): Bramus\Router\Router->run()
#10 C:\laragon\www\lab1php2\index.php(9): require('C:\\laragon\\www\\...')
#11 {main}

Next Doctrine\DBAL\Driver\PDO\Exception: SQLSTATE[HY000]: General error: 1364 Field 'id' doesn't have a default value in C:\laragon\www\lab1php2\vendor\doctrine\dbal\src\Driver\PDO\Exception.php:24
Stack trace:
#0 C:\laragon\www\lab1php2\vendor\doctrine\dbal\src\Driver\PDO\Statement.php(57): Doctrine\DBAL\Driver\PDO\Exception::new(Object(PDOException))
#1 C:\laragon\www\lab1php2\vendor\doctrine\dbal\src\Connection.php(882): Doctrine\DBAL\Driver\PDO\Statement->execute()
#2 C:\laragon\www\lab1php2\vendor\doctrine\dbal\src\Connection.php(518): Doctrine\DBAL\Connection->executeStatement('INSERT INTO cat...', Array, Array)
#3 C:\laragon\www\lab1php2\app\Model.php(79): Doctrine\DBAL\Connection->insert('categories', Array)
#4 C:\laragon\www\lab1php2\app\Controllers\Admin\CategoryController.php(86): App\Model->insert(Array)
#5 [internal function]: App\Controllers\Admin\CategoryController->store()
#6 C:\laragon\www\lab1php2\vendor\bramus\router\src\Bramus\Router\Router.php(482): call_user_func_array(Array, Array)
#7 C:\laragon\www\lab1php2\vendor\bramus\router\src\Bramus\Router\Router.php(440): Bramus\Router\Router->invoke('App\\Controllers...', Array)
#8 C:\laragon\www\lab1php2\vendor\bramus\router\src\Bramus\Router\Router.php(287): Bramus\Router\Router->handle(Array, true)
#9 C:\laragon\www\lab1php2\routers\index.php(11): Bramus\Router\Router->run()
#10 C:\laragon\www\lab1php2\index.php(9): require('C:\\laragon\\www\\...')
#11 {main}

Next Doctrine\DBAL\Exception\NotNullConstraintViolationException: An exception occurred while executing a query: SQLSTATE[HY000]: General error: 1364 Field 'id' doesn't have a default value in C:\laragon\www\lab1php2\vendor\doctrine\dbal\src\Driver\API\MySQL\ExceptionConverter.php:90
Stack trace:
#0 C:\laragon\www\lab1php2\vendor\doctrine\dbal\src\Connection.php(1414): Doctrine\DBAL\Driver\API\MySQL\ExceptionConverter->convert(Object(Doctrine\DBAL\Driver\PDO\Exception), Object(Doctrine\DBAL\Query))
#1 C:\laragon\www\lab1php2\vendor\doctrine\dbal\src\Connection.php(1356): Doctrine\DBAL\Connection->handleDriverException(Object(Doctrine\DBAL\Driver\PDO\Exception), Object(Doctrine\DBAL\Query))
#2 C:\laragon\www\lab1php2\vendor\doctrine\dbal\src\Connection.php(888): Doctrine\DBAL\Connection->convertExceptionDuringQuery(Object(Doctrine\DBAL\Driver\PDO\Exception), 'INSERT INTO cat...', Array, Array)
#3 C:\laragon\www\lab1php2\vendor\doctrine\dbal\src\Connection.php(518): Doctrine\DBAL\Connection->executeStatement('INSERT INTO cat...', Array, Array)
#4 C:\laragon\www\lab1php2\app\Model.php(79): Doctrine\DBAL\Connection->insert('categories', Array)
#5 C:\laragon\www\lab1php2\app\Controllers\Admin\CategoryController.php(86): App\Model->insert(Array)
#6 [internal function]: App\Controllers\Admin\CategoryController->store()
#7 C:\laragon\www\lab1php2\vendor\bramus\router\src\Bramus\Router\Router.php(482): call_user_func_array(Array, Array)
#8 C:\laragon\www\lab1php2\vendor\bramus\router\src\Bramus\Router\Router.php(440): Bramus\Router\Router->invoke('App\\Controllers...', Array)
#9 C:\laragon\www\lab1php2\vendor\bramus\router\src\Bramus\Router\Router.php(287): Bramus\Router\Router->handle(Array, true)
#10 C:\laragon\www\lab1php2\routers\index.php(11): Bramus\Router\Router->run()
#11 C:\laragon\www\lab1php2\index.php(9): require('C:\\laragon\\www\\...')
#12 {main}PDOException: SQLSTATE[HY000]: General error: 1364 Field 'id' doesn't have a default value in C:\laragon\www\lab1php2\vendor\doctrine\dbal\src\Driver\PDO\Statement.php:55
Stack trace:
#0 C:\laragon\www\lab1php2\vendor\doctrine\dbal\src\Driver\PDO\Statement.php(55): PDOStatement->execute()
#1 C:\laragon\www\lab1php2\vendor\doctrine\dbal\src\Connection.php(882): Doctrine\DBAL\Driver\PDO\Statement->execute()
#2 C:\laragon\www\lab1php2\vendor\doctrine\dbal\src\Connection.php(518): Doctrine\DBAL\Connection->executeStatement('INSERT INTO cat...', Array, Array)
#3 C:\laragon\www\lab1php2\app\Model.php(79): Doctrine\DBAL\Connection->insert('categories', Array)
#4 C:\laragon\www\lab1php2\app\Controllers\Admin\CategoryController.php(87): App\Model->insert(Array)
#5 [internal function]: App\Controllers\Admin\CategoryController->store()
#6 C:\laragon\www\lab1php2\vendor\bramus\router\src\Bramus\Router\Router.php(482): call_user_func_array(Array, Array)
#7 C:\laragon\www\lab1php2\vendor\bramus\router\src\Bramus\Router\Router.php(440): Bramus\Router\Router->invoke('App\\Controllers...', Array)
#8 C:\laragon\www\lab1php2\vendor\bramus\router\src\Bramus\Router\Router.php(287): Bramus\Router\Router->handle(Array, true)
#9 C:\laragon\www\lab1php2\routers\index.php(11): Bramus\Router\Router->run()
#10 C:\laragon\www\lab1php2\index.php(9): require('C:\\laragon\\www\\...')
#11 {main}

Next Doctrine\DBAL\Driver\PDO\Exception: SQLSTATE[HY000]: General error: 1364 Field 'id' doesn't have a default value in C:\laragon\www\lab1php2\vendor\doctrine\dbal\src\Driver\PDO\Exception.php:24
Stack trace:
#0 C:\laragon\www\lab1php2\vendor\doctrine\dbal\src\Driver\PDO\Statement.php(57): Doctrine\DBAL\Driver\PDO\Exception::new(Object(PDOException))
#1 C:\laragon\www\lab1php2\vendor\doctrine\dbal\src\Connection.php(882): Doctrine\DBAL\Driver\PDO\Statement->execute()
#2 C:\laragon\www\lab1php2\vendor\doctrine\dbal\src\Connection.php(518): Doctrine\DBAL\Connection->executeStatement('INSERT INTO cat...', Array, Array)
#3 C:\laragon\www\lab1php2\app\Model.php(79): Doctrine\DBAL\Connection->insert('categories', Array)
#4 C:\laragon\www\lab1php2\app\Controllers\Admin\CategoryController.php(87): App\Model->insert(Array)
#5 [internal function]: App\Controllers\Admin\CategoryController->store()
#6 C:\laragon\www\lab1php2\vendor\bramus\router\src\Bramus\Router\Router.php(482): call_user_func_array(Array, Array)
#7 C:\laragon\www\lab1php2\vendor\bramus\router\src\Bramus\Router\Router.php(440): Bramus\Router\Router->invoke('App\\Controllers...', Array)
#8 C:\laragon\www\lab1php2\vendor\bramus\router\src\Bramus\Router\Router.php(287): Bramus\Router\Router->handle(Array, true)
#9 C:\laragon\www\lab1php2\routers\index.php(11): Bramus\Router\Router->run()
#10 C:\laragon\www\lab1php2\index.php(9): require('C:\\laragon\\www\\...')
#11 {main}

Next Doctrine\DBAL\Exception\NotNullConstraintViolationException: An exception occurred while executing a query: SQLSTATE[HY000]: General error: 1364 Field 'id' doesn't have a default value in C:\laragon\www\lab1php2\vendor\doctrine\dbal\src\Driver\API\MySQL\ExceptionConverter.php:90
Stack trace:
#0 C:\laragon\www\lab1php2\vendor\doctrine\dbal\src\Connection.php(1414): Doctrine\DBAL\Driver\API\MySQL\ExceptionConverter->convert(Object(Doctrine\DBAL\Driver\PDO\Exception), Object(Doctrine\DBAL\Query))
#1 C:\laragon\www\lab1php2\vendor\doctrine\dbal\src\Connection.php(1356): Doctrine\DBAL\Connection->handleDriverException(Object(Doctrine\DBAL\Driver\PDO\Exception), Object(Doctrine\DBAL\Query))
#2 C:\laragon\www\lab1php2\vendor\doctrine\dbal\src\Connection.php(888): Doctrine\DBAL\Connection->convertExceptionDuringQuery(Object(Doctrine\DBAL\Driver\PDO\Exception), 'INSERT INTO cat...', Array, Array)
#3 C:\laragon\www\lab1php2\vendor\doctrine\dbal\src\Connection.php(518): Doctrine\DBAL\Connection->executeStatement('INSERT INTO cat...', Array, Array)
#4 C:\laragon\www\lab1php2\app\Model.php(79): Doctrine\DBAL\Connection->insert('categories', Array)
#5 C:\laragon\www\lab1php2\app\Controllers\Admin\CategoryController.php(87): App\Model->insert(Array)
#6 [internal function]: App\Controllers\Admin\CategoryController->store()
#7 C:\laragon\www\lab1php2\vendor\bramus\router\src\Bramus\Router\Router.php(482): call_user_func_array(Array, Array)
#8 C:\laragon\www\lab1php2\vendor\bramus\router\src\Bramus\Router\Router.php(440): Bramus\Router\Router->invoke('App\\Controllers...', Array)
#9 C:\laragon\www\lab1php2\vendor\bramus\router\src\Bramus\Router\Router.php(287): Bramus\Router\Router->handle(Array, true)
#10 C:\laragon\www\lab1php2\routers\index.php(11): Bramus\Router\Router->run()
#11 C:\laragon\www\lab1php2\index.php(9): require('C:\\laragon\\www\\...')
#12 {main}